                                                                                         
 Original (total) number of variables (V) after removing redundant (collinear) variables:
                                                                                         
 111                                                                                     
                                                                                
                                                                                
 For factor 1 to V, original eigenvalues associated with the correlation matrix:
            
   1 18.4004
   2  7.7647
   3  5.6506
   4  4.7859
   5  4.4831
   6  3.8502
   7  3.4742
   8  3.2418
   9  2.7766
  10  2.5112
  11  2.2868
  12  2.1282
  13  1.9875
  14  1.8964
  15  1.7800
  16  1.6643
  17  1.5809
  18  1.5600
  19  1.4141
  20  1.3823
  21  1.3306
  22  1.3017
  23  1.2828
  24  1.2283
  25  1.2057
  26  1.1625
  27  1.1561
  28  1.1125
  29  1.0896
  30  1.0667
  31  1.0442
  32  1.0169
  33  0.9597
  34  0.9393
  35  0.9329
  36  0.8947
  37  0.8906
  38  0.8472
  39  0.8244
  40  0.8028
  41  0.7884
  42  0.7334
  43  0.7254
  44  0.7113
  45  0.6992
  46  0.6580
  47  0.6528
  48  0.6066
  49  0.5986
  50  0.5878
  51  0.5598
  52  0.5300
  53  0.4996
  54  0.4875
  55  0.4676
  56  0.4418
  57  0.4304
  58  0.4150
  59  0.4017
  60  0.3941
  61  0.3767
  62  0.3710
  63  0.3468
  64  0.3119
  65  0.3009
  66  0.2877
  67  0.2857
  68  0.2602
  69  0.2433
  70  0.2405
  71  0.2217
  72  0.2157
  73  0.1976
  74  0.1831
  75  0.1743
  76  0.1471
  77  0.1366
  78  0.1292
  79  0.1184
  80  0.1079
  81  0.0931
  82  0.0826
  83  0.0751
  84  0.0636
  85  0.0574
  86  0.0415
  87  0.0381
  88  0.0314
  89  0.0259
  90  0.0198
  91  0.0193
  92  0.0067
  93  0.0062
  94  0.0053
  95  0.0031
  96  0.0011
  97  0.0000
  98  0.0000
  99  0.0000
 100  0.0000
 101  0.0000
 102  0.0000
 103  0.0000
 104  0.0000
 105  0.0000
 106  0.0000
 107  0.0000
 108  0.0000
 109  0.0000
 110  0.0000
 111  0.0000
                                      
                                      
 Variance of the observed eigenvalues:
                                      
 4.313                                
                                                  
                                                  
 Effective number of independent variables [Veff]:
                                                  
 106.7259                                         
                                                                             
                                                                             
 Significance threshold required to keep Type I error rate at 5% (0.05/Veff):
                                                                             
 0.000468490001235121                                                        
                                                                                               
                                                                                               
 --------------------------------------------------------------------------------              
                                                                                               
                                                                                               
 USING THE REPORTEDLY MORE ACCURATE ESTIMATE OF THE Veff [VeffLi] PROPOSED BY LI AND JI (2005):
                                                                                         
 Effective Number of Independent Variables [VeffLi] (using Equation 5 of Li and Ji 2005):
        
 69.3239
                                                                                 
 Experiment-wide Significance Threshold Required to Keep Type I Error Rate at 5%:
                                                                                 
 0.000739634529007271                                                            
                                                                            
                                                                            
 NB: I recommend using the Li and Ji (2005) approach only if VeffLi < Veff. 
