                                                                                   
                                                                                   
 --------------------------------------------------------------------------------  
                                                                                   
                                                                                   
 SELECT A SUBSET OF VARs WHILE OPTIMISING INFORMATION:                             
                                                                                   
 For factor 1 to V, Eigenvalues and Proportion of Variance, after Varimax Rotation:
                  
   1 9.3711 0.0825
   2 2.0030 0.0176
   3 4.9462 0.0435
   4 4.6585 0.0410
   5 4.3208 0.0380
   6 3.1200 0.0275
   7 0.3310 0.0029
   8 3.5388 0.0311
   9 2.1969 0.0193
  10 1.9925 0.0175
  11 1.2461 0.0110
  12 1.1950 0.0105
  13 2.1835 0.0192
  14 1.2727 0.0112
  15 2.1178 0.0186
  16 1.0515 0.0093
  17 1.0449 0.0092
  18 1.0474 0.0092
  19 1.0249 0.0090
  20 1.0283 0.0090
  21 1.0181 0.0090
  22 1.0684 0.0094
  23 1.0996 0.0097
  24 1.0546 0.0093
  25 1.0643 0.0094
  26 0.8927 0.0079
  27 0.9479 0.0083
  28 0.9933 0.0087
  29 0.8754 0.0077
  30 1.0466 0.0092
  31 0.8370 0.0074
  32 1.0403 0.0092
  33 1.0186 0.0090
  34 1.0433 0.0092
  35 1.0610 0.0093
  36 1.0603 0.0093
  37 1.2228 0.0108
  38 1.0533 0.0093
  39 1.0413 0.0092
  40 1.0591 0.0093
  41 1.0254 0.0090
  42 0.9554 0.0084
  43 0.9060 0.0080
  44 0.9595 0.0084
  45 0.9895 0.0087
  46 1.0591 0.0093
  47 0.9540 0.0084
  48 1.1548 0.0102
  49 0.0054 0.0000
  50 1.1138 0.0098
  51 1.0381 0.0091
  52 0.8261 0.0073
  53 0.9333 0.0082
  54 1.0338 0.0091
  55 1.0438 0.0092
  56 1.0019 0.0088
  57 1.1030 0.0097
  58 0.9038 0.0080
  59 0.7988 0.0070
  60 0.8203 0.0072
  61 0.9849 0.0087
  62 0.4762 0.0042
  63 0.5634 0.0050
  64 0.9892 0.0087
  65 0.2919 0.0026
  66 0.2628 0.0023
  67 0.7357 0.0065
  68 0.4753 0.0042
  69 0.4504 0.0040
  70 0.2365 0.0021
  71 0.5270 0.0046
  72 0.2601 0.0023
  73 0.9945 0.0088
  74 0.2471 0.0022
  75 0.1819 0.0016
  76 1.1711 0.0103
  77 0.9925 0.0087
  78 0.3219 0.0028
  79 0.3577 0.0031
  80 0.2642 0.0023
  81 0.2422 0.0021
  82 0.2122 0.0019
  83 0.1337 0.0012
  84 0.2090 0.0018
  85 0.0809 0.0007
  86 0.3149 0.0028
  87 0.0880 0.0008
  88 0.0757 0.0007
  89 0.1076 0.0009
  90 0.0927 0.0008
  91 1.0418 0.0092
  92 0.2188 0.0019
  93 0.0916 0.0008
  94 0.0588 0.0005
  95 0.0296 0.0003
  96 0.0407 0.0004
  97 0.0326 0.0003
  98 5.8085 0.0511
  99 0.0209 0.0002
 100 0.8753 0.0077
 101 0.0314 0.0003
 102 4.1775 0.0368
 103 0.0217 0.0002
 104 0.0052 0.0000
 105 0.0074 0.0001
 106 0.0228 0.0002
 107 0.0051 0.0000
 108 0.0015 0.0000
 109 0.0013 0.0000
 110 0.0000 0.0000
 111 0.0000 0.0000
                                                             
                                                             
 Principal component coefficients for varimax-rotated matrix:
  - Columns represent factors (principal components) 1 to V  
  - Rows represent Variable 1 to V                           
                                                             
    VAR  1       2       3       4       5       6       7       8       9      
1   V1   -0.4157 -0.001  0.0029  -0.0281 0.0914  -0.0043 -0.014  0.0206  0.0052 
2   V2   -0.2768 -0.0098 -0.1395 -0.0223 -0.0138 0.0409  0.014   0.1698  -0.0161
3   V3   0.0101  -0.0105 -0.0437 -0.0948 0.1471  0.0702  -6e-04  0.122   0.0224 
4   V4   -0.018  0.0948  -0.8362 -0.032  -0.0114 -0.0011 -0.0924 0.0825  -0.0725
5   V5   -0.0065 -0.02   -0.0145 -0.1142 -0.0298 0.0269  0.0105  0.0943  -0.0553
6   V6   -0.0212 -0.0098 -0.0592 -0.0045 0.0528  0.044   0.0097  0.9628  -0.0132
7   V7   -0.1695 0.0226  -0.1569 -0.006  0.0101  0.036   -0.0184 0.0577  0.014  
8   V8   -0.0181 0.004   -0.0772 -0.0039 0.0735  0.0219  -0.0343 0.9473  0.0139 
    10      11      12      13      14      15      16      17      18      19     
1   -0.0479 -0.0373 -0.0417 0.0209  0.0067  -0.0169 -0.0234 -0.0453 0.0284  0.0667 
2   0.0371  0.0164  -0.006  -0.0176 0.0592  0.0341  0.0164  0.0071  -0.0019 -0.0291
3   -0.0458 0.0177  -0.0018 0.0924  0.1408  0.0119  0.0808  -0.0299 -0.0115 0.0098 
4   0.0223  -0.0376 -0.0749 -0.0027 0.0595  0.0275  -0.0071 -0.0017 1e-04   0.0653 
5   -0.0704 -0.0608 -7e-04  0.011   -0.0225 0.0611  0.0858  -0.0235 -0.0213 0.0596 
6   0.0275  -0.09   -0.018  0.0235  0.0252  0.0823  0.0364  -0.0445 0.0236  0.0126 
7   -0.0521 -0.0137 -0.0279 -0.0052 0.0154  0.0178  0.0115  -0.0066 -0.0131 0.0572 
8   0.0337  -0.0759 -0.0445 0.0419  0.0279  0.0709  0.0262  -0.0417 0.0117  0.0154 
    20      21      22      23      24      25      26      27      28      29     
1   -0.0228 0.0171  0.018   -0.0903 4e-04   0.009   -0.0067 -0.032  -0.0284 0.8673 
2   0.0185  0.0077  -0.012  -0.1122 0.0443  -0.0181 0.0041  0.0107  0.0037  0.1133 
3   -0.0676 -0.0141 -0.0188 -0.0141 0.0248  0.0088  -0.0512 -0.0243 -0.0325 0.0402 
4   -0.0281 0.0559  -0.0015 0.0127  -0.0118 -0.0275 0.0023  0.012   0.0339  0.0424 
5   -0.0073 0.0469  9e-04   0.0222  0.1044  -0.0492 -0.0279 0.0291  0.0132  0.0339 
6   -0.0092 0.0017  -0.0014 -0.0018 0.0119  0.0034  -0.0347 -0.0407 -0.0445 0.0175 
7   -0.0333 0.0104  -4e-04  0.0065  -0.0143 0.0029  -0.0054 0.0176  -0.0063 -0.0154
8   -0.0196 -0.0078 0.0214  -0.0128 0.0013  0.0305  -0.0548 -0.0611 -0.0225 0.0084 
    30      31      32      33      34      35      36      37      38      39     
1   0.0142  0.0268  -0.0063 0.0025  0.0409  -0.0063 -0.034  0.0309  0.0466  0.0078 
2   0.0128  -0.0192 -0.0212 -0.035  0.0177  -0.0248 -0.0021 0.0143  -0.0899 0.0036 
3   -0.0165 -0.0231 -0.0118 0.0154  0.0322  0.0086  -0.0607 0.0115  -0.0373 -0.0049
4   0.0275  -0.0417 9e-04   0.0186  -0.0169 0.0193  0.0194  -0.0234 0.0284  -0.0335
5   -0.0116 -0.0458 -0.0152 -0.0167 0.9258  0.0335  0.0147  -0.054  -0.0124 0.077  
6   0.0099  -0.0023 -0.006  0.0575  0.0224  -0.0037 -0.0337 -0.0309 0.0056  0.0298 
7   -0.0148 -0.0153 -0.012  0.0205  -0.0024 0.0167  -0.021  -0.0225 -0.0362 0.0073 
8   0.0078  0.0043  -0.0015 0.0547  0.019   0.0072  -0.0173 -0.037  0.0211  0.0408 
    40      41      42      43      44      45      46      47      48      49     
1   0.015   0.0077  0.0402  -0.0158 0.1215  -0.039  -0.0482 -0.0217 -0.0384 0      
2   -0.0041 -0.0385 -0.0108 0.0061  0.8896  0.0601  -0.1    0.0495  -0.0264 0      
3   -3e-04  0.0228  -0.0533 -0.0511 0.0885  0.0077  -0.9234 0.0112  0.0193  0      
4   -0.0029 -0.0102 -0.0019 -0.0149 -0.0229 -0.0164 -0.0579 0.065   0.0213  0      
5   -0.1431 0.0021  -0.0677 0.0056  0.0158  0.0423  -0.0321 0.0236  -0.0388 0      
6   -0.0153 0.0172  -0.0219 -0.0317 0.0689  -0.0122 -0.0142 -0.0275 -0.0197 0.0036 
7   0.0046  -0.0168 -0.0217 -0.0078 0.0014  0.013   -0.0065 0.0268  -0.0236 0.0092 
8   -0.016  0.0232  -0.0205 -0.0302 0.0668  -0.0226 -0.0153 -0.0175 -0.0146 -0.0039
    50      51      52      53      54      55      56      57      58      59     
1   -0.043  -0.0284 -0.019  0.0161  -0.0129 -0.0333 -0.0066 -0.0023 -0.0256 0.0144 
2   -0.031  0.0072  0.0386  0.0036  -0.0056 -0.0095 -0.0084 -0.0047 0.0112  -0.0142
3   0.0061  0.0309  -0.0588 0.0282  0.0082  -0.0329 0.0253  0.0165  -0.0059 0.0262 
4   0.0113  -0.0475 -0.0347 0.0382  0.0181  0.0146  0.0536  0.04    0.0146  -0.0028
5   -0.007  0.0129  0.0139  -0.0041 0.0082  -0.1214 0.0018  0.0361  0.0079  0.0276 
6   -0.065  0.0035  -0.0336 0.0179  0.0045  -0.0501 0.0413  0.0186  -0.0147 -0.0045
7   0.016   -0.0013 -0.0266 0.0069  -0.0209 0.0059  0.0208  0.0409  -0.001  0.0197 
8   -0.0674 -0.0113 -0.0622 0.0317  -0.0109 -0.0556 7e-04   0.0152  -0.0338 -0.0043
    60      61      62      63      64      65      66      67      68      69     
1   -0.0451 -0.0109 0.0073  0.0065  0.0089  -0.0069 0.0079  -0.0143 -0.0155 -0.0152
2   0.0555  -0.0016 -0.0187 -0.0044 -0.0266 0.0136  -0.0129 -0.0238 0.0266  0.0162 
3   0.0638  -0.0145 -0.0165 0.0152  -0.0471 -0.004  -0.016  0.004   3e-04   0.0049 
4   0.0407  0.0352  -0.0329 0.0488  -0.0051 -0.0104 0.039   -0.0046 0.0665  0.0087 
5   0.0354  0.0817  0.0129  -0.0062 -0.0405 -0.003  -0.0089 0.0044  6e-04   0.0124 
6   0.0101  -0.0233 -0.0229 -0.0036 -0.0114 0.0575  0.0426  -0.0439 -0.0123 -0.0334
7   0.014   0.0227  0.0034  -0.0095 -0.0135 -0.0074 -0.0029 -0.0067 0.0129  -0.004 
8   -0.0426 0.0046  -0.0243 0.0153  -0.0186 0.0659  0.0894  -0.0444 -0.0082 -0.0283
    70      71      72      73      74      75      76      77      78      79     
1   -0.0016 0.0295  -0.0044 -0.0309 -0.0046 -0.0012 -0.0562 -0.0048 0.0069  0.0056 
2   3e-04   -0.0147 0.0076  -0.0106 -0.0039 0.0017  -3e-04  -0.0616 -0.0208 0.0023 
3   8e-04   0.038   -0.0071 0.0664  -9e-04  0.0015  -0.0065 0.0232  -0.0072 0.0018 
4   0.0034  0.0579  0.0047  -0.0345 -0.0013 0.0138  -0.0672 -0.0351 -0.0247 0.0295 
5   1e-04   -0.0041 -7e-04  0.0044  0.0094  0.002   -0.0148 -0.018  -0.0023 0.0176 
6   -0.0043 -0.0077 -0.0177 -0.013  -0.0146 0.0028  0.0195  -0.0103 0.0214  -0.0206
7   8e-04   0.0285  0.003   0.0191  -0.0112 0.004   -0.0159 8e-04   -0.0079 -0.0033
8   -0.0083 -8e-04  -0.0191 -0.0097 0.0507  0.0044  0.0395  -0.0315 -0.0022 0.0054 
    80      81      82      83      84      85      86      87      88      89     
1   -0.0017 -0.0047 -8e-04  0.0012  -5e-04  0.0012  -0.0023 -6e-04  8e-04   -0.001 
2   0.0053  -0.0019 0.0048  -0.0013 8e-04   -7e-04  -0.0072 -0.001  2e-04   2e-04  
3   0.0118  3e-04   -0.0094 5e-04   0       -5e-04  0.0014  -1e-04  -2e-04  6e-04  
4   -0.0165 0.0913  -0.0023 -0.0084 0.0347  0.0041  0.0345  -0.0117 -0.0017 0.0019 
5   -0.0049 -0.0034 0.0019  -0.0015 0.0042  -5e-04  0.0049  5e-04   2e-04   2e-04  
6   -0.0158 -0.0156 -0.0141 -0.0043 -0.0049 0.0241  0.015   -0.0171 0.0016  0.029  
7   -0.0151 -0.0245 -0.0263 0.0025  -0.0014 -0.0033 0.0155  -0.0113 -0.0044 0.01   
8   0.0211  -0.0066 -0.0165 0.0016  -0.0126 -0.0202 0.0082  0.0168  0.001   -0.0328
    90      91      92      93      94      95      96      97      98      99     
1   0.0011  -0.0075 -0.0044 7e-04   -8e-04  -1e-04  -1e-04  0       0.0224  -1e-04 
2   -0.001  0.0046  0.0023  3e-04   4e-04   -2e-04  0       0       -0.0492 1e-04  
3   0       0.0385  -0.005  4e-04   1e-04   -1e-04  0       0       0.0121  -1e-04 
4   -7e-04  -0.0193 -0.4327 0.0038  -4e-04  -0.0015 6e-04   3e-04   0.3381  7e-04  
5   -9e-04  0.0436  0.0015  4e-04   1e-04   0       1e-04   0       -0.0063 0      
6   0.02    0.0362  0.0072  0.0126  -0.0063 -0.0352 -0.0357 -0.0059 0.0389  -7e-04 
7   0.0051  0.0161  0.0113  0.002   0.0024  -0.0116 0.0062  -0.0073 0.951   0.0148 
8   -0.0138 0.0504  -0.0276 -0.0087 0.0034  0.0379  0.0377  0.0063  0.127   7e-04  
    100     101     102     103     104     105     106     107     108     109    
1   -0.0207 2e-04   -0.0286 -1e-04  0       0       -1e-04  0       0       0      
2   0.0089  -3e-04  0.0849  0       0       0       -1e-04  0       0       0      
3   0.0493  1e-04   0.0138  0       0       0       -1e-04  0       0       0      
4   -0.0335 0.0022  -0.0142 -3e-04  0       -1e-04  5e-04   1e-04   0       0      
5   -0.019  1e-04   0.0721  0       0       0       0       0       0       0      
6   0.0262  -0.0195 0.0308  0.0156  -0.0031 -0.0017 -0.0253 -0.0483 -2e-04  4e-04  
7   -0.0033 -0.0543 0.0227  0.1159  8e-04   -0.0011 0.0019  -0.003  3e-04   0      
8   0.0212  0.0211  0.0097  -0.0166 0.0033  0.0018  0.0263  0.0516  2e-04   -4e-04 
    110     111   
1   0       0     
2   0       0     
3   0       0     
4   0       0     
5   0       0     
6   0       0     
7   0       0     
8   0       0     
 [ reached getOption("max.print") -- omitted 103 rows ]
                                                                                  
                                                                                  
 Factor "loadings" after varimax rotation:                                        
  - Columns represent factors 1 to V                                              
  - Rows represent Variable 1 to V                                                
  - Variables contributing the MOST to each rotated factor are designated by a "1"
                                                                                  
    VAR  1 2 3 4 5 6 7 8 9 10 11 12 13 14 15 16 17 18 19 20 21 22 23 24 25 26 27 28
1   V1   0 0 0 0 0 0 0 0 0 0  0  0  0  0  0  0  0  0  0  0  0  0  0  0  0  0  0  0 
2   V2   0 0 0 0 0 0 0 0 0 0  0  0  0  0  0  0  0  0  0  0  0  0  0  0  0  0  0  0 
3   V3   0 0 0 0 0 0 0 0 0 0  0  0  0  0  0  0  0  0  0  0  0  0  0  0  0  0  0  0 
4   V4   0 0 0 0 0 0 0 0 0 0  0  0  0  0  0  0  0  0  0  0  0  0  0  0  0  0  0  0 
5   V5   0 0 0 0 0 0 0 0 0 0  0  0  0  0  0  0  0  0  0  0  0  0  0  0  0  0  0  0 
6   V6   0 0 0 0 0 0 0 1 0 0  0  0  0  0  0  0  0  0  0  0  0  0  0  0  0  0  0  0 
7   V7   0 0 0 0 0 0 0 0 0 0  0  0  0  0  0  0  0  0  0  0  0  0  0  0  0  0  0  0 
8   V8   0 0 0 0 0 0 0 0 0 0  0  0  0  0  0  0  0  0  0  0  0  0  0  0  0  0  0  0 
    29 30 31 32 33 34 35 36 37 38 39 40 41 42 43 44 45 46 47 48 49 50 51 52 53 54
1   1  0  0  0  0  0  0  0  0  0  0  0  0  0  0  0  0  0  0  0  0  0  0  0  0  0 
2   0  0  0  0  0  0  0  0  0  0  0  0  0  0  0  1  0  0  0  0  0  0  0  0  0  0 
3   0  0  0  0  0  0  0  0  0  0  0  0  0  0  0  0  0  1  0  0  0  0  0  0  0  0 
4   0  0  0  0  0  0  0  0  0  0  0  0  0  0  0  0  0  0  0  0  0  0  0  0  0  0 
5   0  0  0  0  0  1  0  0  0  0  0  0  0  0  0  0  0  0  0  0  0  0  0  0  0  0 
6   0  0  0  0  0  0  0  0  0  0  0  0  0  0  0  0  0  0  0  0  0  0  0  0  0  0 
7   0  0  0  0  0  0  0  0  0  0  0  0  0  0  0  0  0  0  0  0  0  0  0  0  0  0 
8   0  0  0  0  0  0  0  0  0  0  0  0  0  0  0  0  0  0  0  0  0  0  0  0  0  0 
    55 56 57 58 59 60 61 62 63 64 65 66 67 68 69 70 71 72 73 74 75 76 77 78 79 80
1   0  0  0  0  0  0  0  0  0  0  0  0  0  0  0  0  0  0  0  0  0  0  0  0  0  0 
2   0  0  0  0  0  0  0  0  0  0  0  0  0  0  0  0  0  0  0  0  0  0  0  0  0  0 
3   0  0  0  0  0  0  0  0  0  0  0  0  0  0  0  0  0  0  0  0  0  0  0  0  0  0 
4   0  0  0  0  0  0  0  0  0  0  0  0  0  0  0  0  0  0  0  0  0  0  0  0  0  0 
5   0  0  0  0  0  0  0  0  0  0  0  0  0  0  0  0  0  0  0  0  0  0  0  0  0  0 
6   0  0  0  0  0  0  0  0  0  0  0  0  0  0  0  0  0  0  0  0  0  0  0  0  0  0 
7   0  0  0  0  0  0  0  0  0  0  0  0  0  0  0  0  0  0  0  0  0  0  0  0  0  0 
8   0  0  0  0  0  0  0  0  0  0  0  0  0  0  0  0  0  0  0  0  0  0  0  0  0  0 
    81 82 83 84 85 86 87 88 89 90 91 92 93 94 95 96 97 98 99 100 101 102 103 104
1   0  0  0  0  0  0  0  0  0  0  0  0  0  0  0  0  0  0  0  0   0   0   0   0  
2   0  0  0  0  0  0  0  0  0  0  0  0  0  0  0  0  0  0  0  0   0   0   0   0  
3   0  0  0  0  0  0  0  0  0  0  0  0  0  0  0  0  0  0  0  0   0   0   0   0  
4   0  0  0  0  0  0  0  0  0  0  0  1  0  0  0  0  0  0  0  0   0   0   0   0  
5   0  0  0  0  0  0  0  0  0  0  0  0  0  0  0  0  0  0  0  0   0   0   0   0  
6   0  0  0  0  0  0  0  0  0  0  0  0  0  0  0  0  0  0  0  0   0   0   0   0  
7   0  0  0  0  0  0  0  0  0  0  0  0  0  0  0  0  0  0  0  0   0   0   1   0  
8   0  0  0  0  0  0  0  0  0  0  0  0  0  0  0  0  0  0  0  0   0   0   0   0  
    105 106 107 108 109 110 111
1   0   0   0   0   0   0   0  
2   0   0   0   0   0   0   0  
3   0   0   0   0   0   0   0  
4   0   0   0   0   0   0   0  
5   0   0   0   0   0   0   0  
6   0   0   0   0   0   0   0  
7   0   0   0   0   0   0   0  
8   0   0   1   0   0   0   0  
 [ reached getOption("max.print") -- omitted 103 rows ]
                                                                   
  => Select one VAR to represent either:                           
     i.   each factor,                                             
     ii.  the factors with the largest Veff eigenvalues, or        
     iii. the factors explaining a selected proportion of variance.
