                                                                                         
 Original (total) number of variables (V) after removing redundant (collinear) variables:
                                                                                         
 218                                                                                     
                                                                                
                                                                                
 For factor 1 to V, original eigenvalues associated with the correlation matrix:
            
   1 29.5485
   2 10.9917
   3  9.1114
   4  8.7915
   5  7.8241
   6  6.4960
   7  5.7685
   8  5.3767
   9  4.9972
  10  4.4305
  11  4.3507
  12  4.2719
  13  3.9491
  14  3.7888
  15  3.4213
  16  3.2420
  17  3.1489
  18  3.0395
  19  2.9283
  20  2.7161
  21  2.5732
  22  2.4903
  23  2.4181
  24  2.3771
  25  2.2711
  26  2.2379
  27  2.1408
  28  2.0816
  29  2.0389
  30  2.0173
  31  1.9106
  32  1.8588
  33  1.8127
  34  1.7522
  35  1.7344
  36  1.7027
  37  1.6377
  38  1.6069
  39  1.5886
  40  1.5790
  41  1.5085
  42  1.4719
  43  1.4524
  44  1.4004
  45  1.3872
  46  1.3656
  47  1.3035
  48  1.2759
  49  1.2582
  50  1.2301
  51  1.1931
  52  1.1782
  53  1.1198
  54  1.1154
  55  1.0898
  56  1.0653
  57  1.0153
  58  0.9772
  59  0.9713
  60  0.9560
  61  0.9274
  62  0.9085
  63  0.8849
  64  0.8550
  65  0.8517
  66  0.8282
  67  0.8053
  68  0.7960
  69  0.7706
  70  0.7665
  71  0.7560
  72  0.7177
  73  0.6946
  74  0.6773
  75  0.6589
  76  0.6343
  77  0.6254
  78  0.6061
  79  0.5974
  80  0.5900
  81  0.5662
  82  0.5579
  83  0.5419
  84  0.5263
  85  0.5168
  86  0.4934
  87  0.4832
  88  0.4796
  89  0.4654
  90  0.4547
  91  0.4491
  92  0.4410
  93  0.4251
  94  0.4105
  95  0.4069
  96  0.3956
  97  0.3854
  98  0.3725
  99  0.3634
 100  0.3530
 101  0.3476
 102  0.3380
 103  0.3277
 104  0.3161
 105  0.3078
 106  0.3002
 107  0.2949
 108  0.2913
 109  0.2875
 110  0.2742
 111  0.2661
 112  0.2554
 113  0.2495
 114  0.2398
 115  0.2357
 116  0.2221
 117  0.2206
 118  0.2055
 119  0.2024
 120  0.1960
 121  0.1869
 122  0.1818
 123  0.1750
 124  0.1655
 125  0.1614
 126  0.1578
 127  0.1402
 128  0.1351
 129  0.1339
 130  0.1301
 131  0.1261
 132  0.1189
 133  0.1159
 134  0.1067
 135  0.1032
 136  0.1014
 137  0.0954
 138  0.0943
 139  0.0866
 140  0.0822
 141  0.0754
 142  0.0712
 143  0.0646
 144  0.0625
 145  0.0589
 146  0.0563
 147  0.0530
 148  0.0486
 149  0.0433
 150  0.0411
 151  0.0396
 152  0.0379
 153  0.0326
 154  0.0296
 155  0.0282
 156  0.0242
 157  0.0164
 158  0.0147
 159  0.0120
 160  0.0115
 161  0.0067
 162  0.0058
 163  0.0044
 164  0.0034
 165  0.0016
 166  0.0004
 167  0.0000
 168  0.0000
 169  0.0000
 170  0.0000
 171  0.0000
 172  0.0000
 173  0.0000
 174  0.0000
 175  0.0000
 176  0.0000
 177  0.0000
 178  0.0000
 179  0.0000
 180  0.0000
 181  0.0000
 182  0.0000
 183  0.0000
 184  0.0000
 185  0.0000
 186  0.0000
 187  0.0000
 188  0.0000
 189  0.0000
 190  0.0000
 191  0.0000
 192  0.0000
 193  0.0000
 194  0.0000
 195  0.0000
 196  0.0000
 197  0.0000
 198  0.0000
 199  0.0000
 200  0.0000
 201  0.0000
 202  0.0000
 203  0.0000
 204  0.0000
 205  0.0000
 206  0.0000
 207  0.0000
 208  0.0000
 209  0.0000
 210  0.0000
 211  0.0000
 212  0.0000
 213  0.0000
 214  0.0000
 215  0.0000
 216  0.0000
 217  0.0000
 218  0.0000
                                      
                                      
 Variance of the observed eigenvalues:
                                      
 6.3834                               
                                                  
                                                  
 Effective number of independent variables [Veff]:
                                                  
 211.6459                                         
                                                                             
                                                                             
 Significance threshold required to keep Type I error rate at 5% (0.05/Veff):
                                                                             
 0.000236243656271151                                                        
                                                                                    
                                                                                    
 --------------------------------------------------------------------------------   
                                                                                    
                                                                                    
 USING THE MORE ACCURATE ESTIMATE OF THE Veff [VeffLi] PROPOSED BY LI AND JI (2005):
                                                                                         
 Effective Number of Independent Variables [VeffLi] (using Equation 5 of Li and Ji 2005):
         
 118.2177
                                                                                 
 Experiment-wide Significance Threshold Required to Keep Type I Error Rate at 5%:
                                                                                 
 0.000433794217820083                                                            
                                                                           
                                                                           
 NB: I recommend using the Li and Ji (2005) estimate unless Veff < VeffLi. 
