                                                                                 
                                                                                 
 --------------------------------------------------------------------------------
                                                                                 
                                                                                 
 SELECT A SUBSET OF VARs WHILE OPTIMISING INFORMATION:                           
                                                                                 
 For factor 1 to V, Eigenvalues and Proportion of Variance, with no Rotation:    
                   
   1 18.4004 0.1619
   2  7.7647 0.0683
   3  5.6506 0.0497
   4  4.7859 0.0421
   5  4.4831 0.0394
   6  3.8502 0.0339
   7  3.4742 0.0306
   8  3.2418 0.0285
   9  2.7766 0.0244
  10  2.5112 0.0221
  11  2.2868 0.0201
  12  2.1282 0.0187
  13  1.9875 0.0175
  14  1.8964 0.0167
  15  1.7800 0.0157
  16  1.6643 0.0146
  17  1.5809 0.0139
  18  1.5600 0.0137
  19  1.4141 0.0124
  20  1.3823 0.0122
  21  1.3306 0.0117
  22  1.3017 0.0115
  23  1.2828 0.0113
  24  1.2283 0.0108
  25  1.2057 0.0106
  26  1.1625 0.0102
  27  1.1561 0.0102
  28  1.1125 0.0098
  29  1.0896 0.0096
  30  1.0667 0.0094
  31  1.0442 0.0092
  32  1.0169 0.0089
  33  0.9597 0.0084
  34  0.9393 0.0083
  35  0.9329 0.0082
  36  0.8947 0.0079
  37  0.8906 0.0078
  38  0.8472 0.0075
  39  0.8244 0.0073
  40  0.8028 0.0071
  41  0.7884 0.0069
  42  0.7334 0.0065
  43  0.7254 0.0064
  44  0.7113 0.0063
  45  0.6992 0.0062
  46  0.6580 0.0058
  47  0.6528 0.0057
  48  0.6066 0.0053
  49  0.5986 0.0053
  50  0.5878 0.0052
  51  0.5598 0.0049
  52  0.5300 0.0047
  53  0.4996 0.0044
  54  0.4875 0.0043
  55  0.4676 0.0041
  56  0.4418 0.0039
  57  0.4304 0.0038
  58  0.4150 0.0037
  59  0.4017 0.0035
  60  0.3941 0.0035
  61  0.3767 0.0033
  62  0.3710 0.0033
  63  0.3529 0.0031
  64  0.3468 0.0031
  65  0.3119 0.0027
  66  0.3009 0.0026
  67  0.2877 0.0025
  68  0.2857 0.0025
  69  0.2602 0.0023
  70  0.2571 0.0023
  71  0.2433 0.0021
  72  0.2405 0.0021
  73  0.2217 0.0020
  74  0.2157 0.0019
  75  0.1976 0.0017
  76  0.1940 0.0017
  77  0.1831 0.0016
  78  0.1743 0.0015
  79  0.1519 0.0013
  80  0.1471 0.0013
  81  0.1366 0.0012
  82  0.1292 0.0011
  83  0.1184 0.0010
  84  0.1079 0.0009
  85  0.1060 0.0009
  86  0.0951 0.0008
  87  0.0931 0.0008
  88  0.0826 0.0007
  89  0.0751 0.0007
  90  0.0636 0.0006
  91  0.0574 0.0005
  92  0.0485 0.0004
  93  0.0465 0.0004
  94  0.0415 0.0004
  95  0.0381 0.0003
  96  0.0342 0.0003
  97  0.0314 0.0003
  98  0.0259 0.0002
  99  0.0199 0.0002
 100  0.0198 0.0002
 101  0.0193 0.0002
 102  0.0142 0.0001
 103  0.0067 0.0001
 104  0.0062 0.0001
 105  0.0053 0.0000
 106  0.0031 0.0000
 107  0.0026 0.0000
 108  0.0011 0.0000
 109  0.0010 0.0000
 110  0.0000 0.0000
 111  0.0000 0.0000
                                                           
                                                           
 Principal component coefficients for unrotated matrix:    
  - Columns represent factors (principal components) 1 to V
  - Rows represent Variable 1 to V                         
                                                           
    VAR  1       2       3       4       5       6       7       8       9      
1   V1   -0.3373 -0.1294 0.0989  -0.0232 0.3141  -0.075  0.1612  0.0061  -0.0446
2   V2   -0.3076 -0.0141 0.0056  -0.0215 0.1112  -0.1015 0.3132  0.2235  0.0748 
3   V3   -0.2311 0.2508  -0.1262 -0.13   0.0417  0.1161  0.0413  0.062   -0.066 
4   V4   -0.3883 -0.1875 -0.7256 -0.015  -0.2927 -0.2307 0.1179  -0.0454 0.0374 
5   V5   -0.1987 0.1179  0.0404  -0.1416 -0.0457 0.0732  0.0071  0.273   0.0768 
6   V6   -0.2559 0.1948  -0.3252 -0.0805 0.1504  0.4257  0.2253  0.5895  0.0273 
7   V7   -0.5495 -0.3991 -0.3904 -0.0313 -0.2184 0.2376  -0.2513 -0.1835 -0.2283
8   V8   -0.2841 0.1518  -0.3698 -0.0731 0.1365  0.4324  0.1656  0.5725  0.0211 
    10      11      12      13      14      15      16      17      18      19     
1   0.0597  -8e-04  0.1126  -0.0652 0.1733  -0.1561 0.2122  -0.0517 0.0946  0.2543 
2   0.2197  0.0737  -0.0318 -0.0482 0.1136  -0.0166 0.1116  0.0101  -0.0756 0.0224 
3   0.1567  0.1109  -0.1642 0.1838  0.0998  -0.1917 0.2083  -0.1337 -0.2053 -0.1153
4   -0.0231 0.0146  8e-04   0.0217  -0.0076 -0.0021 0.048   -0.0097 -0.0251 -0.0352
5   -0.2256 -0.0512 -0.1502 -0.14   -0.0518 0.246   0.2324  -0.2706 -0.2941 0.2392 
6   0.2506  -0.1312 0.0799  -0.007  -0.078  -0.0413 -0.1114 0.0872  6e-04   -0.0316
7   0.0497  -0.0197 0.0269  -0.0492 -0.0595 0.0632  -0.0844 0.0862  0.0093  0.133  
8   0.2465  -0.1276 0.0648  -0.0019 -0.1042 -0.0504 -0.1143 0.1034  0.0113  -0.015 
    20      21      22      23      24      25      26      27      28      29     
1   -0.0904 0.0068  -0.0106 0.011   -0.009  0.1875  -0.0081 0.0451  -0.0161 0.2848 
2   0.1151  -0.3274 -0.0591 -0.0945 0.0572  0.1006  0.0082  0.2215  0.1067  0.2673 
3   0.1276  -0.1967 -0.1036 0.2976  -0.0258 0.0914  0.0365  0.1154  -0.1219 0.0539 
4   -0.0042 0.0763  0.0727  -0.0096 -0.0962 -0.0025 -0.0382 0.0222  0.0515  0.0748 
5   0.0195  0.1064  -0.0694 -0.166  0.1035  0.0648  -0.0232 -0.0315 0.0466  -0.0544
6   -0.1128 0.0579  0.0478  -0.0188 0.0019  0.0214  -0.0192 -0.0291 -0.0107 -0.0102
7   0.0437  5e-04   -0.1002 0.0257  0.0703  0.0782  -0.0163 -0.0155 -0.0196 -0.049 
8   -0.117  0.0801  0.0377  0.003   -0.0087 0.0548  -0.016  -0.0092 0.0017  -0.024 
    30      31      32      33      34      35      36      37      38      39     
1   -0.0821 0.2     -0.0967 0.0089  -0.1104 0.1446  0.1749  -0.082  0.2194  -0.1636
2   0.2395  0.2125  0.1411  -0.1035 0.0277  -0.0167 0.0204  0.0515  0.0509  0.0096 
3   0.0556  -0.1191 0.0348  -0.081  0.1912  0.0765  0.1078  0.082   0.0876  -0.1075
4   -0.0263 -0.0085 -0.0167 0.0223  -0.0716 -0.059  -0.0635 -0.0243 0.0262  -0.0308
5   -0.0117 -0.2017 0.0677  0.0334  0.2455  -0.0905 0.0764  -0.0922 0.1306  -0.0118
6   0.0306  -0.0105 -0.0586 0.0181  0.0125  0.0261  0.0135  0.0064  -0.0347 -0.023 
7   0.0248  0.0748  0.0777  -0.0083 0.0569  0.0471  0.0563  0.0136  -0.0145 -5e-04 
8   0.0096  0.01    -0.0567 0.0256  -0.0066 0.0779  0.0135  0.0135  -0.0302 -0.025 
    40      41      42      43      44      45      46      47      48      49     
1   0.0155  0.0271  -0.06   -0.0208 -0.0283 0.1776  -0.0643 -0.2232 0.0992  -0.0014
2   -0.0591 0.0509  -0.0942 -0.1003 0.2981  -0.0773 0.0336  -0.0537 0.0608  -0.1881
3   -0.1701 0.1019  0.0249  0.0043  -0.1238 0.0261  -0.2739 0.0414  -0.1604 0.1007 
4   -0.1032 0.0602  -0.0231 0.0277  0.0152  0.0668  -0.0323 0.0094  0.0106  0.0202 
5   -0.044  -0.0073 0.1098  0.0084  0.1409  -0.0417 -0.0587 -0.1898 0.1446  0.0563 
6   0.0547  0.0283  0.0211  -0.0064 0.0156  -0.0269 -0.0318 -0.001  0.0487  -0.0646
7   0.0468  -0.0477 -0.0053 -0.0163 -0.0018 -0.0361 0.0052  -0.0047 0.0258  -0.0217
8   0.0424  0.0157  0.0297  0.0228  0.0415  -0.0292 -0.0268 0.0018  0.0433  -0.0587
    50      51      52      53      54      55      56      57      58      59     
1   -0.0289 -0.0732 0.0998  -0.0511 -0.183  0.1387  0.0454  0.0343  -0.0011 -0.0763
2   0.0735  -0.0296 -0.0582 0.0724  0.0749  -0.0094 0.0037  -0.0706 0.116   0.0431 
3   0.1472  -0.0098 0.1708  0.0366  -0.0368 -0.0862 0.0465  -0.0518 -0.0305 0.0136 
4   0.0573  0.0552  -0.008  0.1054  -0.0973 -0.0369 -0.0233 0.0998  -0.0178 -0.1095
5   -0.0047 0.074   0.0243  -0.076  -0.0505 0.0443  -0.0692 0.0278  -0.0845 -0.0803
6   -0.0571 0.0466  -0.0435 0.0253  0.003   7e-04   -0.004  -0.0125 0.047   -0.0122
7   0.0166  -0.0295 0.0359  -0.0158 0.0363  0.0193  0.0099  -0.0572 0.0254  0.0386 
8   -0.0488 0.0258  -0.0314 0.0485  0.0053  -0.0096 -0.0081 -0.0068 0.066   -0.0184
    60      61      62      63      64      65      66      67      68      69     
1   -0.0085 0.031   0.0306  -0.0083 0.0081  -0.027  -0.0034 -0.0012 -0.034  0.0328 
2   -0.0017 8e-04   0.0347  0.0148  -8e-04  -0.0152 0.0308  0.0537  0.0676  -0.0252
3   -0.0583 0.0374  -0.0125 0.0139  -0.0245 0.0279  0.0084  0.0191  -5e-04  -0.054 
4   -0.0301 0.0121  -0.0766 -0.0961 0.0984  -0.0195 0.0258  0.1068  -0.1022 -0.007 
5   0.1684  -0.0178 -0.1032 0.0087  -0.0227 0.0332  -0.0536 -0.0572 0.0661  0.0164 
6   -0.0288 -0.0149 0.013   -0.0172 0.0123  0.0137  0.0438  -0.0266 -0.0129 0.0052 
7   -0.0086 0.0013  0.0044  0.0266  -0.032  0.0139  -0.0278 -0.0355 -0.003  -0.0241
8   -0.004  -0.0157 -0.0165 -0.0191 0.0311  0.041   0.0207  0.001   -0.0076 0.0293 
    70      71      72      73      74      75      76      77      78      79     
1   -0.0399 0.0454  0.0499  -0.04   -0.0142 -0.0092 0.0105  -0.0145 0.0418  -0.002 
2   0.0024  0.0233  0.0076  0.0241  0.0412  0.0399  -0.0314 0.0243  -0.0041 0.0282 
3   0.0132  -0.0543 -0.0697 0.0295  0.0155  -0.0096 -0.0209 -0.0718 -0.0563 -0.025 
4   0.1994  -0.0435 -0.0205 0.0361  0.0026  0.0125  0.0734  0.0605  0.0224  -0.0658
5   0.0253  0.0187  -0.0146 0.0406  -0.0588 -0.0263 -0.0149 0.0294  -0.0269 -0.0253
6   -0.0283 -0.0137 0.043   0.0038  -0.0062 -0.0107 -0.0028 0.0268  -0.03   -0.0579
7   0.028   -0.0069 0.028   0.0142  0.0238  -0.0081 0.0101  -0.0125 -0.0186 -0.0041
8   -0.0033 -0.0523 0.0215  0.0077  0.0155  0.0097  -0.0042 0.0274  -0.0735 -0.0701
    80      81      82      83      84      85      86      87      88      89     
1   0.0566  -0.0265 -0.0598 -5e-04  -0.0022 0.0086  0.0058  -0.0087 0.0101  0.0138 
2   -0.0469 0.0202  -0.0061 -0.0044 -0.0149 -0.032  -0.0231 0.0279  -0.0222 -0.0326
3   -0.0357 -0.0116 0.0137  -7e-04  0.001   0.0221  0       -0.0199 0.0246  0.0061 
4   -0.0166 0.0299  0.0088  -0.0123 -0.0246 0.0042  0.0077  0.1059  -0.0045 0.0329 
5   -0.0309 -0.01   0.0245  0.0148  0.0236  0.0148  0.0331  0.0064  -0.0287 -0.0227
6   -0.017  0.0133  -0.0011 0.0065  0.0201  -0.0062 0.0333  -0.0467 0.0422  -0.0056
7   -0.0191 -0.0245 -0.0249 -0.0297 0.0428  -1e-04  0.0278  -5e-04  -0.0011 0.008  
8   -9e-04  0       0.0513  0.0469  -0.0193 -0.0323 0.025   0.0068  -0.0133 -0.0411
    90      91      92      93      94      95      96      97      98      99     
1   0.031   0.0214  -0.0145 -0.0186 -8e-04  -0.0065 0       -0.0063 -0.0047 0.0143 
2   -0.0064 -0.0193 -3e-04  0.0079  0.0123  -0.006  9e-04   0.0131  0.0127  -0.0277
3   -0.0203 -0.0015 0.0084  -0.0046 -0.0012 0.0196  0.0055  -0.0046 -6e-04  0.0116 
4   0.0416  -0.0317 0.0113  -0.0212 0.0127  0.0046  -0.0036 -0.016  0.0062  -0.01  
5   -0.0149 -0.0122 0.0137  0.0254  -0.0046 -0.0059 -0.0024 0.0021  0.0012  -0.0036
6   0.0028  -0.0684 -0.0021 0.0122  -0.0378 0.0197  -0.0071 -0.0267 -0.0073 0.0241 
7   -0.0193 -0.0121 0.0023  0.0099  0.0155  -0.0265 0.0059  -0.0508 0.0865  0.012  
8   -0.0103 0.0319  0.0055  -0.0484 0.0168  -0.0057 -0.0126 0.0146  -0.0287 0.0227 
    100     101     102     103     104     105     106     107     108     109    
1   -0.0111 -0.0068 0.009   -0.0034 -0.001  -2e-04  -1e-04  3e-04   -0.0012 6e-04  
2   -0.0017 0.009   -0.0068 0.0024  0.0028  0.0012  0.0015  -0.0014 9e-04   -5e-04 
3   0.0069  0.0066  0.0065  -0.0032 -0.003  -9e-04  3e-04   6e-04   6e-04   -1e-04 
4   0.002   -0.0116 -0.0152 0.0061  0.002   -0.0028 -0.0043 -5e-04  0.0013  -9e-04 
5   0.0077  0.0012  -0.0113 0.0011  -5e-04  9e-04   4e-04   0.0011  1e-04   0      
6   -0.0277 -0.0033 -0.0072 -0.008  -0.0091 -0.0178 -0.0023 -0.0238 0.0032  -0.0046
7   -0.0216 -0.0263 0.0217  0.029   -0.0128 -0.0032 -0.0031 0.0052  -0.0036 5e-04  
8   0.0156  -0.0098 0.0293  0.0076  0.0022  0.0189  0.0016  0.0212  -0.0032 0.0033 
    110     111   
1   0       0     
2   0       0     
3   0       0     
4   0       0     
5   0       0     
6   0       0     
7   0       0     
8   0       0     
 [ reached getOption("max.print") -- omitted 103 rows ]
                                                                                    
                                                                                    
 Factor "loadings" with no rotation:                                                
  - Columns represent factors 1 to V                                                
  - Rows represent Variable 1 to V                                                  
  - Variables contributing the MOST to each unrotated factor are designated by a "1"
                                                                                    
    VAR  1 2 3 4 5 6 7 8 9 10 11 12 13 14 15 16 17 18 19 20 21 22 23 24 25 26 27 28
1   V1   0 0 0 0 0 0 0 0 0 0  0  0  0  0  0  0  0  0  0  0  0  0  0  0  0  0  0  0 
2   V2   0 0 0 0 0 0 0 0 0 0  0  0  0  0  0  0  0  0  0  0  0  0  0  0  0  0  0  0 
3   V3   0 0 0 0 0 0 0 0 0 0  0  0  0  0  0  0  0  0  0  0  0  0  0  0  0  0  0  0 
4   V4   0 0 0 0 0 0 0 0 0 0  0  0  0  0  0  0  0  0  0  0  0  0  0  0  0  0  0  0 
5   V5   0 0 0 0 0 0 0 0 0 0  0  0  0  0  0  0  0  0  0  0  0  0  0  0  0  0  0  0 
6   V6   0 0 0 0 0 0 0 1 0 0  0  0  0  0  0  0  0  0  0  0  0  0  0  0  0  0  0  0 
7   V7   0 0 0 0 0 0 0 0 0 0  0  0  0  0  0  0  0  0  0  0  0  0  0  0  0  0  0  0 
8   V8   0 0 0 0 0 0 0 0 0 0  0  0  0  0  0  0  0  0  0  0  0  0  0  0  0  0  0  0 
    29 30 31 32 33 34 35 36 37 38 39 40 41 42 43 44 45 46 47 48 49 50 51 52 53 54
1   0  0  0  0  0  0  0  0  0  0  0  0  0  0  0  0  0  0  0  0  0  0  0  0  0  1 
2   0  0  0  0  0  0  0  0  0  0  0  0  0  0  0  0  0  0  0  0  0  0  0  0  0  0 
3   0  0  0  0  0  0  0  0  0  0  0  0  0  0  0  0  0  1  0  0  0  0  0  0  0  0 
4   0  0  0  0  0  0  0  0  0  0  0  0  0  0  0  0  0  0  0  0  0  0  0  0  0  0 
5   0  0  0  0  0  0  0  0  0  0  0  0  0  0  0  0  0  0  0  0  0  0  0  0  0  0 
6   0  0  0  0  0  0  0  0  0  0  0  0  0  0  0  0  0  0  0  0  0  0  0  0  0  0 
7   0  0  0  0  0  0  0  0  0  0  0  0  0  0  0  0  0  0  0  0  0  0  0  0  0  0 
8   0  0  0  0  0  0  0  0  0  0  0  0  0  0  0  0  0  0  0  0  0  0  0  0  0  0 
    55 56 57 58 59 60 61 62 63 64 65 66 67 68 69 70 71 72 73 74 75 76 77 78 79 80
1   0  0  0  0  0  0  0  0  0  0  0  0  0  0  0  0  0  0  0  0  0  0  0  0  0  0 
2   0  0  0  0  0  0  0  0  0  0  0  0  0  0  0  0  0  0  0  0  0  0  0  0  0  0 
3   0  0  0  0  0  0  0  0  0  0  0  0  0  0  0  0  0  0  0  0  0  0  0  0  0  0 
4   0  0  0  0  0  0  0  0  0  0  0  0  0  0  0  1  0  0  0  0  0  0  0  0  0  0 
5   0  0  0  0  0  0  0  0  0  0  0  0  0  0  0  0  0  0  0  0  0  0  0  0  0  0 
6   0  0  0  0  0  0  0  0  0  0  0  0  0  0  0  0  0  0  0  0  0  0  0  0  0  0 
7   0  0  0  0  0  0  0  0  0  0  0  0  0  0  0  0  0  0  0  0  0  0  0  0  0  0 
8   0  0  0  0  0  0  0  0  0  0  0  0  0  0  0  0  0  0  0  0  0  0  0  0  0  0 
    81 82 83 84 85 86 87 88 89 90 91 92 93 94 95 96 97 98 99 100 101 102 103 104
1   0  0  0  0  0  0  0  0  0  0  0  0  0  0  0  0  0  0  0  0   0   0   0   0  
2   0  0  0  0  0  0  0  0  0  0  0  0  0  0  0  0  0  0  0  0   0   0   0   0  
3   0  0  0  0  0  0  0  0  0  0  0  0  0  0  0  0  0  0  0  0   0   0   0   0  
4   0  0  0  0  0  0  0  0  0  0  0  0  0  0  0  0  0  0  0  0   0   0   0   0  
5   0  0  0  0  0  0  0  0  0  0  0  0  0  0  0  0  0  0  0  0   0   0   0   0  
6   0  0  0  0  0  0  0  0  0  0  1  0  0  0  0  0  0  0  0  0   0   0   0   0  
7   0  0  0  0  0  0  0  0  0  0  0  0  0  0  0  0  0  1  0  0   0   0   0   0  
8   0  0  0  0  0  0  0  0  0  0  0  0  0  0  0  0  0  0  0  0   0   0   0   0  
    105 106 107 108 109 110 111
1   0   0   0   0   0   0   0  
2   0   0   0   0   0   0   0  
3   0   0   0   0   0   0   0  
4   0   0   0   0   0   0   0  
5   0   0   0   0   0   0   0  
6   0   0   1   0   0   0   0  
7   0   0   0   0   0   0   0  
8   0   0   0   0   0   0   0  
 [ reached getOption("max.print") -- omitted 103 rows ]
                                                                   
  => Select one VAR to represent either:                           
     i.   each factor,                                             
     ii.  the factors with the largest Veff eigenvalues, or        
     iii. the factors explaining a selected proportion of variance.
